<?xml version="1.0" encoding="UTF-8"?>
<testsuite name="Create new computer item in computer database" tests="1" skipped="0" failures="0" errors="0" timestamp="2018-11-26T10:13:52" hostname="XFR-172548-C02V82FXHTD8" time="12.725">
  <properties/>
  <testcase name="Should be able to create new computer item in computer database" classname="Create new computer item in computer database" time="12.725"/>
  <system-out><![CDATA[]]></system-out>
  <system-err><![CDATA[Starting ChromeDriver 2.36.540469 (1881fd7f8641508feb5166b7cae561d87723cfa8) on port 13509
Only local connections are allowed.
Nov 26, 2018 3:43:54 PM org.openqa.selenium.remote.ProtocolHandshake createSession
INFO: Detected dialect: OSS
]]></system-err>
</testsuite>
